ERROR:face_detection:Could not initialize the Network. Have you entered the correct model path?
Traceback (most recent call last):
  File "/Users/hephzibah/Documents/INTEL/starter/src/face_detection.py", line 29, in __init__
    self.model=IENetwork(self.model_structure,self.model_weights)
  File "ie_api.pyx", line 1060, in openvino.inference_engine.ie_api.IENetwork.__cinit__
Exception: Path to the model ../models/face-detection-adas-binary-0001.xml doesn't exists or it's a directory
INFO:face_detection:preprocess input and start inference
INFO:face_detection:Waiting for output of inference
INFO:face_detection:cropped face: [array([0.41123268, 0.09460686, 0.5347536 , 0.43072063], dtype=float32)]
INFO:face_detection:preprocess input and start inference
INFO:face_detection:Waiting for output of inference
INFO:face_detection:cropped face: [array([0.41123268, 0.09460686, 0.5347536 , 0.43072063], dtype=float32)]
INFO:face_detection:preprocess input and start inference
INFO:face_detection:Waiting for output of inference
INFO:face_detection:cropped face: [array([0.41123268, 0.09460686, 0.5347536 , 0.43072063], dtype=float32)]
INFO:facial_landmarks_detection:preprocess input and perform inference 
INFO:facial_landmarks_detection:Obtain coords of the left and right eyes
INFO:facial_landmarks_detection:left and right eyes coordinates: [[[0.30748135]]

 [[0.4117486 ]]

 [[0.7926902 ]]

 [[0.40839687]]

 [[0.59005857]]

 [[0.57325566]]

 [[0.33967108]]

 [[0.78613216]]

 [[0.7756419 ]]

 [[0.77207977]]]
INFO:facial_landmarks_detection:Return coords and the cropped Face
INFO:head_pose_estimation:preprocess input and start inference
INFO:head_pose_estimation:infer result
INFO:head_pose_estimation:infered result
INFO:head_pose_estimation: Getting the yaw, pitch, and roll angles 
INFO:gaze_estimation:preprocess input
INFO:gaze_estimation:start sync request
INFO:face_detection:preprocess input and start inference
INFO:face_detection:Waiting for output of inference
INFO:face_detection:cropped face: [array([0.41585088, 0.08044547, 0.544931  , 0.3921552 ], dtype=float32)]
INFO:facial_landmarks_detection:preprocess input and perform inference 
INFO:facial_landmarks_detection:Obtain coords of the left and right eyes
INFO:facial_landmarks_detection:left and right eyes coordinates: [[[0.44010806]]

 [[0.38275793]]

 [[0.85617584]]

 [[0.39222512]]

 [[0.801289  ]]

 [[0.5047865 ]]

 [[0.5142698 ]]

 [[0.7715775 ]]

 [[0.8852765 ]]

 [[0.76454204]]]
INFO:facial_landmarks_detection:Return coords and the cropped Face
INFO:head_pose_estimation:preprocess input and start inference
INFO:head_pose_estimation:infer result
INFO:head_pose_estimation:infered result
INFO:head_pose_estimation: Getting the yaw, pitch, and roll angles 
INFO:gaze_estimation:preprocess input
INFO:gaze_estimation:start sync request
INFO:face_detection:preprocess input and start inference
INFO:face_detection:Waiting for output of inference
INFO:face_detection:cropped face: [array([0.42273456, 0.07993153, 0.5439479 , 0.38044354], dtype=float32)]
INFO:facial_landmarks_detection:preprocess input and perform inference 
INFO:facial_landmarks_detection:Obtain coords of the left and right eyes
INFO:facial_landmarks_detection:left and right eyes coordinates: [[[0.4406934 ]]

 [[0.38243353]]

 [[0.8688312 ]]

 [[0.39564916]]

 [[0.82452285]]

 [[0.4870471 ]]

 [[0.52067673]]

 [[0.77704144]]

 [[0.90949094]]

 [[0.7745769 ]]]
INFO:facial_landmarks_detection:Return coords and the cropped Face
INFO:head_pose_estimation:preprocess input and start inference
INFO:head_pose_estimation:infer result
INFO:head_pose_estimation:infered result
INFO:head_pose_estimation: Getting the yaw, pitch, and roll angles 
INFO:gaze_estimation:preprocess input
INFO:gaze_estimation:start sync request
INFO:face_detection:preprocess input and start inference
INFO:face_detection:Waiting for output of inference
INFO:face_detection:cropped face: [array([0.41512296, 0.08498268, 0.5424598 , 0.3892812 ], dtype=float32)]
INFO:facial_landmarks_detection:preprocess input and perform inference 
INFO:facial_landmarks_detection:Obtain coords of the left and right eyes
INFO:facial_landmarks_detection:left and right eyes coordinates: [[[0.40942493]]

 [[0.37045   ]]

 [[0.8309611 ]]

 [[0.37598482]]

 [[0.77158254]]

 [[0.48759276]]

 [[0.4937786 ]]

 [[0.76039314]]

 [[0.8626693 ]]

 [[0.7495234 ]]]
INFO:facial_landmarks_detection:Return coords and the cropped Face
INFO:head_pose_estimation:preprocess input and start inference
INFO:head_pose_estimation:infer result
INFO:head_pose_estimation:infered result
INFO:head_pose_estimation: Getting the yaw, pitch, and roll angles 
INFO:gaze_estimation:preprocess input
INFO:gaze_estimation:start sync request
INFO:face_detection:preprocess input and start inference
INFO:face_detection:Waiting for output of inference
INFO:face_detection:cropped face: [array([0.39759743, 0.08506885, 0.5332192 , 0.3890571 ], dtype=float32)]
INFO:facial_landmarks_detection:preprocess input and perform inference 
INFO:facial_landmarks_detection:Obtain coords of the left and right eyes
INFO:facial_landmarks_detection:left and right eyes coordinates: [[[0.18374394]]

 [[0.3775002 ]]

 [[0.58506465]]

 [[0.37043798]]

 [[0.24231319]]

 [[0.49651036]]

 [[0.15374677]]

 [[0.7660347 ]]

 [[0.5066862 ]]

 [[0.7600789 ]]]
INFO:facial_landmarks_detection:Return coords and the cropped Face
INFO:head_pose_estimation:preprocess input and start inference
INFO:head_pose_estimation:infer result
INFO:head_pose_estimation:infered result
INFO:head_pose_estimation: Getting the yaw, pitch, and roll angles 
INFO:gaze_estimation:preprocess input
INFO:gaze_estimation:start sync request
INFO:face_detection:preprocess input and start inference
INFO:face_detection:Waiting for output of inference
INFO:face_detection:cropped face: [array([0.39374718, 0.08416571, 0.5284553 , 0.40219647], dtype=float32)]
INFO:facial_landmarks_detection:preprocess input and perform inference 
INFO:facial_landmarks_detection:Obtain coords of the left and right eyes
INFO:facial_landmarks_detection:left and right eyes coordinates: [[[0.20418851]]

 [[0.3751171 ]]

 [[0.6012287 ]]

 [[0.37286064]]

 [[0.25019535]]

 [[0.5042211 ]]

 [[0.16713469]]

 [[0.75653446]]

 [[0.515147  ]]

 [[0.75440615]]]
INFO:facial_landmarks_detection:Return coords and the cropped Face
INFO:head_pose_estimation:preprocess input and start inference
INFO:head_pose_estimation:infer result
INFO:head_pose_estimation:infered result
INFO:head_pose_estimation: Getting the yaw, pitch, and roll angles 
INFO:gaze_estimation:preprocess input
INFO:gaze_estimation:start sync request
INFO:face_detection:preprocess input and start inference
INFO:face_detection:Waiting for output of inference
INFO:face_detection:cropped face: [array([0.39287472, 0.08316247, 0.5231774 , 0.4121338 ], dtype=float32)]
INFO:facial_landmarks_detection:preprocess input and perform inference 
INFO:facial_landmarks_detection:Obtain coords of the left and right eyes
INFO:facial_landmarks_detection:left and right eyes coordinates: [[[0.14136475]]

 [[0.40413347]]

 [[0.55305684]]

 [[0.3932937 ]]

 [[0.21083061]]

 [[0.51879156]]

 [[0.14783768]]

 [[0.7714504 ]]

 [[0.50411654]]

 [[0.76118255]]]
INFO:facial_landmarks_detection:Return coords and the cropped Face
INFO:head_pose_estimation:preprocess input and start inference
INFO:head_pose_estimation:infer result
INFO:head_pose_estimation:infered result
INFO:head_pose_estimation: Getting the yaw, pitch, and roll angles 
INFO:gaze_estimation:preprocess input
INFO:gaze_estimation:start sync request
INFO:face_detection:preprocess input and start inference
INFO:face_detection:Waiting for output of inference
INFO:face_detection:cropped face: [array([0.37289545, 0.12685879, 0.5024632 , 0.46582007], dtype=float32)]
INFO:facial_landmarks_detection:preprocess input and perform inference 
INFO:facial_landmarks_detection:Obtain coords of the left and right eyes
INFO:facial_landmarks_detection:left and right eyes coordinates: [[[0.11338531]]

 [[0.44712672]]

 [[0.47752634]]

 [[0.4449751 ]]

 [[0.19067438]]

 [[0.62444556]]

 [[0.18934089]]

 [[0.78749573]]

 [[0.5073925 ]]

 [[0.7947668 ]]]
INFO:facial_landmarks_detection:Return coords and the cropped Face
INFO:head_pose_estimation:preprocess input and start inference
INFO:head_pose_estimation:infer result
INFO:head_pose_estimation:infered result
INFO:head_pose_estimation: Getting the yaw, pitch, and roll angles 
INFO:gaze_estimation:preprocess input
INFO:gaze_estimation:start sync request
INFO:face_detection:preprocess input and start inference
INFO:face_detection:Waiting for output of inference
INFO:face_detection:cropped face: [array([0.36648983, 0.14567494, 0.48990536, 0.4827038 ], dtype=float32)]
INFO:facial_landmarks_detection:preprocess input and perform inference 
INFO:facial_landmarks_detection:Obtain coords of the left and right eyes
INFO:facial_landmarks_detection:left and right eyes coordinates: [[[0.0827904 ]]

 [[0.44174865]]

 [[0.46059585]]

 [[0.4409352 ]]

 [[0.17527604]]

 [[0.63842905]]

 [[0.17441079]]

 [[0.77701306]]

 [[0.53602326]]

 [[0.7780063 ]]]
INFO:facial_landmarks_detection:Return coords and the cropped Face
INFO:head_pose_estimation:preprocess input and start inference
INFO:head_pose_estimation:infer result
INFO:head_pose_estimation:infered result
INFO:head_pose_estimation: Getting the yaw, pitch, and roll angles 
INFO:gaze_estimation:preprocess input
INFO:gaze_estimation:start sync request
INFO:face_detection:preprocess input and start inference
INFO:face_detection:Waiting for output of inference
INFO:face_detection:cropped face: [array([0.36648986, 0.16011244, 0.48763993, 0.47757977], dtype=float32)]
INFO:facial_landmarks_detection:preprocess input and perform inference 
INFO:facial_landmarks_detection:Obtain coords of the left and right eyes
INFO:facial_landmarks_detection:left and right eyes coordinates: [[[0.10522633]]

 [[0.43083486]]

 [[0.49676543]]

 [[0.43374258]]

 [[0.20153028]]

 [[0.63698435]]

 [[0.1817925 ]]

 [[0.78949153]]

 [[0.53316367]]

 [[0.8011985 ]]]
INFO:facial_landmarks_detection:Return coords and the cropped Face
INFO:head_pose_estimation:preprocess input and start inference
INFO:head_pose_estimation:infer result
INFO:head_pose_estimation:infered result
INFO:head_pose_estimation: Getting the yaw, pitch, and roll angles 
INFO:gaze_estimation:preprocess input
INFO:gaze_estimation:start sync request
INFO:face_detection:preprocess input and start inference
INFO:face_detection:Waiting for output of inference
INFO:face_detection:cropped face: [array([0.35840383, 0.13881451, 0.4854531 , 0.47978407], dtype=float32)]
INFO:facial_landmarks_detection:preprocess input and perform inference 
INFO:facial_landmarks_detection:Obtain coords of the left and right eyes
INFO:facial_landmarks_detection:left and right eyes coordinates: [[[0.1182672 ]]

 [[0.4633907 ]]

 [[0.5127413 ]]

 [[0.4530523 ]]

 [[0.21812749]]

 [[0.6413512 ]]

 [[0.20864105]]

 [[0.7958027 ]]

 [[0.5303784 ]]

 [[0.79423124]]]
INFO:facial_landmarks_detection:Return coords and the cropped Face
INFO:head_pose_estimation:preprocess input and start inference
INFO:head_pose_estimation:infer result
INFO:head_pose_estimation:infered result
INFO:head_pose_estimation: Getting the yaw, pitch, and roll angles 
INFO:gaze_estimation:preprocess input
INFO:gaze_estimation:start sync request
INFO:face_detection:preprocess input and start inference
INFO:face_detection:Waiting for output of inference
INFO:face_detection:cropped face: [array([0.36399168, 0.14161445, 0.48371083, 0.48381358], dtype=float32)]
INFO:facial_landmarks_detection:preprocess input and perform inference 
INFO:facial_landmarks_detection:Obtain coords of the left and right eyes
INFO:facial_landmarks_detection:left and right eyes coordinates: [[[0.10653383]]

 [[0.44988698]]

 [[0.523933  ]]

 [[0.4417835 ]]

 [[0.2292287 ]]

 [[0.64764917]]

 [[0.18416901]]

 [[0.77249956]]

 [[0.5707785 ]]

 [[0.77162117]]]
INFO:facial_landmarks_detection:Return coords and the cropped Face
INFO:head_pose_estimation:preprocess input and start inference
INFO:head_pose_estimation:infer result
INFO:head_pose_estimation:infered result
INFO:head_pose_estimation: Getting the yaw, pitch, and roll angles 
INFO:gaze_estimation:preprocess input
INFO:gaze_estimation:start sync request
INFO:face_detection:preprocess input and start inference
INFO:face_detection:Waiting for output of inference
INFO:face_detection:cropped face: [array([0.3829664 , 0.1316467 , 0.514124  , 0.47421294], dtype=float32)]
INFO:facial_landmarks_detection:preprocess input and perform inference 
INFO:facial_landmarks_detection:Obtain coords of the left and right eyes
INFO:facial_landmarks_detection:left and right eyes coordinates: [[[0.3262837 ]]

 [[0.49654627]]

 [[0.7600117 ]]

 [[0.44228497]]

 [[0.61368686]]

 [[0.6680759 ]]

 [[0.4194943 ]]

 [[0.83068395]]

 [[0.788299  ]]

 [[0.7752556 ]]]
INFO:facial_landmarks_detection:Return coords and the cropped Face
INFO:head_pose_estimation:preprocess input and start inference
INFO:head_pose_estimation:infer result
INFO:head_pose_estimation:infered result
INFO:head_pose_estimation: Getting the yaw, pitch, and roll angles 
INFO:gaze_estimation:preprocess input
INFO:gaze_estimation:start sync request
INFO:face_detection:preprocess input and start inference
INFO:face_detection:Waiting for output of inference
INFO:face_detection:cropped face: [array([0.38951394, 0.14034803, 0.52044064, 0.48428577], dtype=float32)]
INFO:facial_landmarks_detection:preprocess input and perform inference 
INFO:facial_landmarks_detection:Obtain coords of the left and right eyes
INFO:facial_landmarks_detection:left and right eyes coordinates: [[[0.3724001 ]]

 [[0.48906508]]

 [[0.80208325]]

 [[0.43794122]]

 [[0.6595744 ]]

 [[0.65309775]]

 [[0.43327442]]

 [[0.8303098 ]]

 [[0.8174231 ]]

 [[0.77711165]]]
INFO:facial_landmarks_detection:Return coords and the cropped Face
INFO:head_pose_estimation:preprocess input and start inference
INFO:head_pose_estimation:infer result
INFO:head_pose_estimation:infered result
INFO:head_pose_estimation: Getting the yaw, pitch, and roll angles 
INFO:gaze_estimation:preprocess input
INFO:gaze_estimation:start sync request
INFO:face_detection:preprocess input and start inference
INFO:face_detection:Waiting for output of inference
INFO:face_detection:cropped face: [array([0.3929873 , 0.13431484, 0.5222893 , 0.5034986 ], dtype=float32)]
INFO:facial_landmarks_detection:preprocess input and perform inference 
INFO:facial_landmarks_detection:Obtain coords of the left and right eyes
INFO:facial_landmarks_detection:left and right eyes coordinates: [[[0.35637248]]

 [[0.47062764]]

 [[0.80059195]]

 [[0.4119644 ]]

 [[0.6554284 ]]

 [[0.6116291 ]]

 [[0.42101347]]

 [[0.81280386]]

 [[0.81226367]]

 [[0.7453048 ]]]
INFO:facial_landmarks_detection:Return coords and the cropped Face
INFO:head_pose_estimation:preprocess input and start inference
INFO:head_pose_estimation:infer result
INFO:head_pose_estimation:infered result
INFO:head_pose_estimation: Getting the yaw, pitch, and roll angles 
INFO:gaze_estimation:preprocess input
INFO:gaze_estimation:start sync request
INFO:face_detection:preprocess input and start inference
INFO:face_detection:Waiting for output of inference
INFO:face_detection:cropped face: [array([0.41123268, 0.09460686, 0.5347536 , 0.43072063], dtype=float32)]
INFO:facial_landmarks_detection:preprocess input and perform inference 
INFO:facial_landmarks_detection:Obtain coords of the left and right eyes
INFO:facial_landmarks_detection:left and right eyes coordinates: [[[0.30748135]]

 [[0.4117486 ]]

 [[0.7926902 ]]

 [[0.40839687]]

 [[0.59005857]]

 [[0.57325566]]

 [[0.33967108]]

 [[0.78613216]]

 [[0.7756419 ]]

 [[0.77207977]]]
INFO:facial_landmarks_detection:Return coords and the cropped Face
INFO:head_pose_estimation:preprocess input and start inference
INFO:head_pose_estimation:infer result
INFO:head_pose_estimation:infered result
INFO:head_pose_estimation: Getting the yaw, pitch, and roll angles 
INFO:gaze_estimation:preprocess input
INFO:gaze_estimation:start sync request
INFO:face_detection:preprocess input and start inference
INFO:face_detection:Waiting for output of inference
INFO:face_detection:cropped face: [array([0.41585088, 0.08044547, 0.544931  , 0.3921552 ], dtype=float32)]
INFO:facial_landmarks_detection:preprocess input and perform inference 
INFO:facial_landmarks_detection:Obtain coords of the left and right eyes
INFO:facial_landmarks_detection:left and right eyes coordinates: [[[0.44010806]]

 [[0.38275793]]

 [[0.85617584]]

 [[0.39222512]]

 [[0.801289  ]]

 [[0.5047865 ]]

 [[0.5142698 ]]

 [[0.7715775 ]]

 [[0.8852765 ]]

 [[0.76454204]]]
INFO:facial_landmarks_detection:Return coords and the cropped Face
INFO:head_pose_estimation:preprocess input and start inference
INFO:head_pose_estimation:infer result
INFO:head_pose_estimation:infered result
INFO:head_pose_estimation: Getting the yaw, pitch, and roll angles 
INFO:gaze_estimation:preprocess input
INFO:gaze_estimation:start sync request
INFO:face_detection:preprocess input and start inference
INFO:face_detection:Waiting for output of inference
INFO:face_detection:cropped face: [array([0.42273456, 0.07993153, 0.5439479 , 0.38044354], dtype=float32)]
INFO:facial_landmarks_detection:preprocess input and perform inference 
INFO:facial_landmarks_detection:Obtain coords of the left and right eyes
INFO:facial_landmarks_detection:left and right eyes coordinates: [[[0.4406934 ]]

 [[0.38243353]]

 [[0.8688312 ]]

 [[0.39564916]]

 [[0.82452285]]

 [[0.4870471 ]]

 [[0.52067673]]

 [[0.77704144]]

 [[0.90949094]]

 [[0.7745769 ]]]
INFO:facial_landmarks_detection:Return coords and the cropped Face
INFO:head_pose_estimation:preprocess input and start inference
INFO:head_pose_estimation:infer result
INFO:head_pose_estimation:infered result
INFO:head_pose_estimation: Getting the yaw, pitch, and roll angles 
INFO:gaze_estimation:preprocess input
INFO:gaze_estimation:start sync request
INFO:face_detection:preprocess input and start inference
INFO:face_detection:Waiting for output of inference
INFO:face_detection:cropped face: [array([0.41512296, 0.08498268, 0.5424598 , 0.3892812 ], dtype=float32)]
INFO:facial_landmarks_detection:preprocess input and perform inference 
INFO:facial_landmarks_detection:Obtain coords of the left and right eyes
INFO:facial_landmarks_detection:left and right eyes coordinates: [[[0.40942493]]

 [[0.37045   ]]

 [[0.8309611 ]]

 [[0.37598482]]

 [[0.77158254]]

 [[0.48759276]]

 [[0.4937786 ]]

 [[0.76039314]]

 [[0.8626693 ]]

 [[0.7495234 ]]]
INFO:facial_landmarks_detection:Return coords and the cropped Face
INFO:head_pose_estimation:preprocess input and start inference
INFO:head_pose_estimation:infer result
INFO:head_pose_estimation:infered result
INFO:head_pose_estimation: Getting the yaw, pitch, and roll angles 
INFO:gaze_estimation:preprocess input
INFO:gaze_estimation:start sync request
INFO:face_detection:preprocess input and start inference
INFO:face_detection:Waiting for output of inference
INFO:face_detection:cropped face: [array([0.39759743, 0.08506885, 0.5332192 , 0.3890571 ], dtype=float32)]
INFO:facial_landmarks_detection:preprocess input and perform inference 
INFO:facial_landmarks_detection:Obtain coords of the left and right eyes
INFO:facial_landmarks_detection:left and right eyes coordinates: [[[0.18374394]]

 [[0.3775002 ]]

 [[0.58506465]]

 [[0.37043798]]

 [[0.24231319]]

 [[0.49651036]]

 [[0.15374677]]

 [[0.7660347 ]]

 [[0.5066862 ]]

 [[0.7600789 ]]]
INFO:facial_landmarks_detection:Return coords and the cropped Face
INFO:head_pose_estimation:preprocess input and start inference
INFO:head_pose_estimation:infer result
INFO:head_pose_estimation:infered result
INFO:head_pose_estimation: Getting the yaw, pitch, and roll angles 
INFO:gaze_estimation:preprocess input
INFO:gaze_estimation:start sync request
INFO:face_detection:preprocess input and start inference
INFO:face_detection:Waiting for output of inference
INFO:face_detection:cropped face: [array([0.39374718, 0.08416571, 0.5284553 , 0.40219647], dtype=float32)]
INFO:facial_landmarks_detection:preprocess input and perform inference 
INFO:facial_landmarks_detection:Obtain coords of the left and right eyes
INFO:facial_landmarks_detection:left and right eyes coordinates: [[[0.20418851]]

 [[0.3751171 ]]

 [[0.6012287 ]]

 [[0.37286064]]

 [[0.25019535]]

 [[0.5042211 ]]

 [[0.16713469]]

 [[0.75653446]]

 [[0.515147  ]]

 [[0.75440615]]]
INFO:facial_landmarks_detection:Return coords and the cropped Face
INFO:head_pose_estimation:preprocess input and start inference
INFO:head_pose_estimation:infer result
INFO:head_pose_estimation:infered result
INFO:head_pose_estimation: Getting the yaw, pitch, and roll angles 
INFO:gaze_estimation:preprocess input
INFO:gaze_estimation:start sync request
INFO:face_detection:preprocess input and start inference
INFO:face_detection:Waiting for output of inference
INFO:face_detection:cropped face: [array([0.39287472, 0.08316247, 0.5231774 , 0.4121338 ], dtype=float32)]
INFO:facial_landmarks_detection:preprocess input and perform inference 
INFO:facial_landmarks_detection:Obtain coords of the left and right eyes
INFO:facial_landmarks_detection:left and right eyes coordinates: [[[0.14136475]]

 [[0.40413347]]

 [[0.55305684]]

 [[0.3932937 ]]

 [[0.21083061]]

 [[0.51879156]]

 [[0.14783768]]

 [[0.7714504 ]]

 [[0.50411654]]

 [[0.76118255]]]
INFO:facial_landmarks_detection:Return coords and the cropped Face
INFO:head_pose_estimation:preprocess input and start inference
INFO:head_pose_estimation:infer result
INFO:head_pose_estimation:infered result
INFO:head_pose_estimation: Getting the yaw, pitch, and roll angles 
INFO:gaze_estimation:preprocess input
INFO:gaze_estimation:start sync request
INFO:face_detection:preprocess input and start inference
INFO:face_detection:Waiting for output of inference
INFO:face_detection:cropped face: [array([0.37289545, 0.12685879, 0.5024632 , 0.46582007], dtype=float32)]
INFO:facial_landmarks_detection:preprocess input and perform inference 
INFO:facial_landmarks_detection:Obtain coords of the left and right eyes
INFO:facial_landmarks_detection:left and right eyes coordinates: [[[0.11338531]]

 [[0.44712672]]

 [[0.47752634]]

 [[0.4449751 ]]

 [[0.19067438]]

 [[0.62444556]]

 [[0.18934089]]

 [[0.78749573]]

 [[0.5073925 ]]

 [[0.7947668 ]]]
INFO:facial_landmarks_detection:Return coords and the cropped Face
INFO:head_pose_estimation:preprocess input and start inference
INFO:head_pose_estimation:infer result
INFO:head_pose_estimation:infered result
INFO:head_pose_estimation: Getting the yaw, pitch, and roll angles 
INFO:gaze_estimation:preprocess input
INFO:gaze_estimation:start sync request
INFO:face_detection:preprocess input and start inference
INFO:face_detection:Waiting for output of inference
INFO:face_detection:cropped face: [array([0.36648983, 0.14567494, 0.48990536, 0.4827038 ], dtype=float32)]
INFO:facial_landmarks_detection:preprocess input and perform inference 
INFO:facial_landmarks_detection:Obtain coords of the left and right eyes
INFO:facial_landmarks_detection:left and right eyes coordinates: [[[0.0827904 ]]

 [[0.44174865]]

 [[0.46059585]]

 [[0.4409352 ]]

 [[0.17527604]]

 [[0.63842905]]

 [[0.17441079]]

 [[0.77701306]]

 [[0.53602326]]

 [[0.7780063 ]]]
INFO:facial_landmarks_detection:Return coords and the cropped Face
INFO:head_pose_estimation:preprocess input and start inference
INFO:head_pose_estimation:infer result
INFO:head_pose_estimation:infered result
INFO:head_pose_estimation: Getting the yaw, pitch, and roll angles 
INFO:gaze_estimation:preprocess input
INFO:gaze_estimation:start sync request
INFO:face_detection:preprocess input and start inference
INFO:face_detection:Waiting for output of inference
INFO:face_detection:cropped face: [array([0.36648986, 0.16011244, 0.48763993, 0.47757977], dtype=float32)]
INFO:facial_landmarks_detection:preprocess input and perform inference 
INFO:facial_landmarks_detection:Obtain coords of the left and right eyes
INFO:facial_landmarks_detection:left and right eyes coordinates: [[[0.10522633]]

 [[0.43083486]]

 [[0.49676543]]

 [[0.43374258]]

 [[0.20153028]]

 [[0.63698435]]

 [[0.1817925 ]]

 [[0.78949153]]

 [[0.53316367]]

 [[0.8011985 ]]]
INFO:facial_landmarks_detection:Return coords and the cropped Face
INFO:head_pose_estimation:preprocess input and start inference
INFO:head_pose_estimation:infer result
INFO:head_pose_estimation:infered result
INFO:head_pose_estimation: Getting the yaw, pitch, and roll angles 
INFO:gaze_estimation:preprocess input
INFO:gaze_estimation:start sync request
INFO:face_detection:preprocess input and start inference
INFO:face_detection:Waiting for output of inference
INFO:face_detection:cropped face: [array([0.35840383, 0.13881451, 0.4854531 , 0.47978407], dtype=float32)]
INFO:facial_landmarks_detection:preprocess input and perform inference 
INFO:facial_landmarks_detection:Obtain coords of the left and right eyes
INFO:facial_landmarks_detection:left and right eyes coordinates: [[[0.1182672 ]]

 [[0.4633907 ]]

 [[0.5127413 ]]

 [[0.4530523 ]]

 [[0.21812749]]

 [[0.6413512 ]]

 [[0.20864105]]

 [[0.7958027 ]]

 [[0.5303784 ]]

 [[0.79423124]]]
INFO:facial_landmarks_detection:Return coords and the cropped Face
INFO:head_pose_estimation:preprocess input and start inference
INFO:head_pose_estimation:infer result
INFO:head_pose_estimation:infered result
INFO:head_pose_estimation: Getting the yaw, pitch, and roll angles 
INFO:gaze_estimation:preprocess input
INFO:gaze_estimation:start sync request
INFO:face_detection:preprocess input and start inference
INFO:face_detection:Waiting for output of inference
INFO:face_detection:cropped face: [array([0.36399168, 0.14161445, 0.48371083, 0.48381358], dtype=float32)]
INFO:facial_landmarks_detection:preprocess input and perform inference 
INFO:facial_landmarks_detection:Obtain coords of the left and right eyes
INFO:facial_landmarks_detection:left and right eyes coordinates: [[[0.10653383]]

 [[0.44988698]]

 [[0.523933  ]]

 [[0.4417835 ]]

 [[0.2292287 ]]

 [[0.64764917]]

 [[0.18416901]]

 [[0.77249956]]

 [[0.5707785 ]]

 [[0.77162117]]]
INFO:facial_landmarks_detection:Return coords and the cropped Face
INFO:head_pose_estimation:preprocess input and start inference
INFO:head_pose_estimation:infer result
INFO:head_pose_estimation:infered result
INFO:head_pose_estimation: Getting the yaw, pitch, and roll angles 
INFO:gaze_estimation:preprocess input
INFO:gaze_estimation:start sync request
INFO:face_detection:preprocess input and start inference
INFO:face_detection:Waiting for output of inference
INFO:face_detection:cropped face: [array([0.3829664 , 0.1316467 , 0.514124  , 0.47421294], dtype=float32)]
INFO:facial_landmarks_detection:preprocess input and perform inference 
INFO:facial_landmarks_detection:Obtain coords of the left and right eyes
INFO:facial_landmarks_detection:left and right eyes coordinates: [[[0.3262837 ]]

 [[0.49654627]]

 [[0.7600117 ]]

 [[0.44228497]]

 [[0.61368686]]

 [[0.6680759 ]]

 [[0.4194943 ]]

 [[0.83068395]]

 [[0.788299  ]]

 [[0.7752556 ]]]
INFO:facial_landmarks_detection:Return coords and the cropped Face
INFO:head_pose_estimation:preprocess input and start inference
INFO:head_pose_estimation:infer result
INFO:head_pose_estimation:infered result
INFO:head_pose_estimation: Getting the yaw, pitch, and roll angles 
INFO:gaze_estimation:preprocess input
INFO:gaze_estimation:start sync request
INFO:face_detection:preprocess input and start inference
INFO:face_detection:Waiting for output of inference
INFO:face_detection:cropped face: [array([0.38951394, 0.14034803, 0.52044064, 0.48428577], dtype=float32)]
INFO:facial_landmarks_detection:preprocess input and perform inference 
INFO:facial_landmarks_detection:Obtain coords of the left and right eyes
INFO:facial_landmarks_detection:left and right eyes coordinates: [[[0.3724001 ]]

 [[0.48906508]]

 [[0.80208325]]

 [[0.43794122]]

 [[0.6595744 ]]

 [[0.65309775]]

 [[0.43327442]]

 [[0.8303098 ]]

 [[0.8174231 ]]

 [[0.77711165]]]
INFO:facial_landmarks_detection:Return coords and the cropped Face
INFO:head_pose_estimation:preprocess input and start inference
INFO:head_pose_estimation:infer result
INFO:head_pose_estimation:infered result
INFO:head_pose_estimation: Getting the yaw, pitch, and roll angles 
INFO:gaze_estimation:preprocess input
INFO:gaze_estimation:start sync request
INFO:face_detection:preprocess input and start inference
INFO:face_detection:Waiting for output of inference
INFO:face_detection:cropped face: [array([0.3929873 , 0.13431484, 0.5222893 , 0.5034986 ], dtype=float32)]
INFO:facial_landmarks_detection:preprocess input and perform inference 
INFO:facial_landmarks_detection:Obtain coords of the left and right eyes
INFO:facial_landmarks_detection:left and right eyes coordinates: [[[0.35637248]]

 [[0.47062764]]

 [[0.80059195]]

 [[0.4119644 ]]

 [[0.6554284 ]]

 [[0.6116291 ]]

 [[0.42101347]]

 [[0.81280386]]

 [[0.81226367]]

 [[0.7453048 ]]]
INFO:facial_landmarks_detection:Return coords and the cropped Face
INFO:head_pose_estimation:preprocess input and start inference
INFO:head_pose_estimation:infer result
INFO:head_pose_estimation:infered result
INFO:head_pose_estimation: Getting the yaw, pitch, and roll angles 
INFO:gaze_estimation:preprocess input
INFO:gaze_estimation:start sync request
INFO:face_detection:preprocess input and start inference
INFO:face_detection:Waiting for output of inference
INFO:face_detection:cropped face: [array([0.39807126, 0.13457803, 0.5267753 , 0.49140102], dtype=float32)]
INFO:facial_landmarks_detection:preprocess input and perform inference 
INFO:facial_landmarks_detection:Obtain coords of the left and right eyes
INFO:facial_landmarks_detection:left and right eyes coordinates: [[[0.36923924]]

 [[0.45212796]]

 [[0.7995274 ]]

 [[0.4050632 ]]

 [[0.657182  ]]

 [[0.6139772 ]]

 [[0.4190871 ]]

 [[0.7961507 ]]

 [[0.80263186]]

 [[0.7404789 ]]]
INFO:facial_landmarks_detection:Return coords and the cropped Face
INFO:head_pose_estimation:preprocess input and start inference
INFO:head_pose_estimation:infer result
INFO:head_pose_estimation:infered result
INFO:head_pose_estimation: Getting the yaw, pitch, and roll angles 
INFO:gaze_estimation:preprocess input
INFO:gaze_estimation:start sync request
INFO:face_detection:preprocess input and start inference
INFO:face_detection:Waiting for output of inference
INFO:face_detection:cropped face: [array([0.3954673 , 0.08934635, 0.5279021 , 0.41426367], dtype=float32)]
INFO:facial_landmarks_detection:preprocess input and perform inference 
INFO:facial_landmarks_detection:Obtain coords of the left and right eyes
INFO:facial_landmarks_detection:left and right eyes coordinates: [[[0.41539463]]

 [[0.40582705]]

 [[0.8489592 ]]

 [[0.38326633]]

 [[0.7327213 ]]

 [[0.55375195]]

 [[0.49948522]]

 [[0.7881423 ]]

 [[0.8605729 ]]

 [[0.75879043]]]
INFO:facial_landmarks_detection:Return coords and the cropped Face
INFO:head_pose_estimation:preprocess input and start inference
INFO:head_pose_estimation:infer result
INFO:head_pose_estimation:infered result
INFO:head_pose_estimation: Getting the yaw, pitch, and roll angles 
INFO:gaze_estimation:preprocess input
INFO:gaze_estimation:start sync request
INFO:face_detection:preprocess input and start inference
INFO:face_detection:Waiting for output of inference
INFO:face_detection:cropped face: [array([0.41335198, 0.08147007, 0.5355578 , 0.39084238], dtype=float32)]
INFO:facial_landmarks_detection:preprocess input and perform inference 
INFO:facial_landmarks_detection:Obtain coords of the left and right eyes
INFO:facial_landmarks_detection:left and right eyes coordinates: [[[0.39629102]]

 [[0.3756342 ]]

 [[0.83668983]]

 [[0.37647048]]

 [[0.7762376 ]]

 [[0.49506882]]

 [[0.48794633]]

 [[0.7540777 ]]

 [[0.8689597 ]]

 [[0.7419306 ]]]
INFO:facial_landmarks_detection:Return coords and the cropped Face
INFO:head_pose_estimation:preprocess input and start inference
INFO:head_pose_estimation:infer result
INFO:head_pose_estimation:infered result
INFO:head_pose_estimation: Getting the yaw, pitch, and roll angles 
INFO:gaze_estimation:preprocess input
INFO:gaze_estimation:start sync request
INFO:face_detection:preprocess input and start inference
INFO:face_detection:Waiting for output of inference
INFO:face_detection:cropped face: [array([0.41123268, 0.09460686, 0.5347536 , 0.43072063], dtype=float32)]
INFO:facial_landmarks_detection:preprocess input and perform inference 
INFO:facial_landmarks_detection:Obtain coords of the left and right eyes
INFO:facial_landmarks_detection:left and right eyes coordinates: [[[0.30748135]]

 [[0.4117486 ]]

 [[0.7926902 ]]

 [[0.40839687]]

 [[0.59005857]]

 [[0.57325566]]

 [[0.33967108]]

 [[0.78613216]]

 [[0.7756419 ]]

 [[0.77207977]]]
INFO:facial_landmarks_detection:Return coords and the cropped Face
INFO:head_pose_estimation:preprocess input and start inference
INFO:head_pose_estimation:infer result
INFO:head_pose_estimation:infered result
INFO:head_pose_estimation: Getting the yaw, pitch, and roll angles 
INFO:gaze_estimation:preprocess input
INFO:gaze_estimation:start sync request
INFO:face_detection:preprocess input and start inference
INFO:face_detection:Waiting for output of inference
INFO:face_detection:cropped face: [array([0.41585088, 0.08044547, 0.544931  , 0.3921552 ], dtype=float32)]
INFO:facial_landmarks_detection:preprocess input and perform inference 
INFO:facial_landmarks_detection:Obtain coords of the left and right eyes
INFO:facial_landmarks_detection:left and right eyes coordinates: [[[0.44010806]]

 [[0.38275793]]

 [[0.85617584]]

 [[0.39222512]]

 [[0.801289  ]]

 [[0.5047865 ]]

 [[0.5142698 ]]

 [[0.7715775 ]]

 [[0.8852765 ]]

 [[0.76454204]]]
INFO:facial_landmarks_detection:Return coords and the cropped Face
INFO:head_pose_estimation:preprocess input and start inference
INFO:head_pose_estimation:infer result
INFO:head_pose_estimation:infered result
INFO:head_pose_estimation: Getting the yaw, pitch, and roll angles 
INFO:gaze_estimation:preprocess input
INFO:gaze_estimation:start sync request
INFO:face_detection:preprocess input and start inference
INFO:face_detection:Waiting for output of inference
INFO:face_detection:cropped face: [array([0.42273456, 0.07993153, 0.5439479 , 0.38044354], dtype=float32)]
INFO:facial_landmarks_detection:preprocess input and perform inference 
INFO:facial_landmarks_detection:Obtain coords of the left and right eyes
INFO:facial_landmarks_detection:left and right eyes coordinates: [[[0.4406934 ]]

 [[0.38243353]]

 [[0.8688312 ]]

 [[0.39564916]]

 [[0.82452285]]

 [[0.4870471 ]]

 [[0.52067673]]

 [[0.77704144]]

 [[0.90949094]]

 [[0.7745769 ]]]
INFO:facial_landmarks_detection:Return coords and the cropped Face
INFO:head_pose_estimation:preprocess input and start inference
INFO:head_pose_estimation:infer result
INFO:head_pose_estimation:infered result
INFO:head_pose_estimation: Getting the yaw, pitch, and roll angles 
INFO:gaze_estimation:preprocess input
INFO:gaze_estimation:start sync request
INFO:face_detection:preprocess input and start inference
INFO:face_detection:Waiting for output of inference
INFO:face_detection:cropped face: [array([0.41512296, 0.08498268, 0.5424598 , 0.3892812 ], dtype=float32)]
INFO:facial_landmarks_detection:preprocess input and perform inference 
INFO:facial_landmarks_detection:Obtain coords of the left and right eyes
INFO:facial_landmarks_detection:left and right eyes coordinates: [[[0.40942493]]

 [[0.37045   ]]

 [[0.8309611 ]]

 [[0.37598482]]

 [[0.77158254]]

 [[0.48759276]]

 [[0.4937786 ]]

 [[0.76039314]]

 [[0.8626693 ]]

 [[0.7495234 ]]]
INFO:facial_landmarks_detection:Return coords and the cropped Face
INFO:head_pose_estimation:preprocess input and start inference
INFO:head_pose_estimation:infer result
INFO:head_pose_estimation:infered result
INFO:head_pose_estimation: Getting the yaw, pitch, and roll angles 
INFO:gaze_estimation:preprocess input
INFO:gaze_estimation:start sync request
INFO:face_detection:preprocess input and start inference
INFO:face_detection:Waiting for output of inference
INFO:face_detection:cropped face: [array([0.39759743, 0.08506885, 0.5332192 , 0.3890571 ], dtype=float32)]
INFO:facial_landmarks_detection:preprocess input and perform inference 
INFO:facial_landmarks_detection:Obtain coords of the left and right eyes
INFO:facial_landmarks_detection:left and right eyes coordinates: [[[0.18374394]]

 [[0.3775002 ]]

 [[0.58506465]]

 [[0.37043798]]

 [[0.24231319]]

 [[0.49651036]]

 [[0.15374677]]

 [[0.7660347 ]]

 [[0.5066862 ]]

 [[0.7600789 ]]]
INFO:facial_landmarks_detection:Return coords and the cropped Face
INFO:head_pose_estimation:preprocess input and start inference
INFO:head_pose_estimation:infer result
INFO:head_pose_estimation:infered result
INFO:head_pose_estimation: Getting the yaw, pitch, and roll angles 
INFO:gaze_estimation:preprocess input
INFO:gaze_estimation:start sync request
INFO:face_detection:preprocess input and start inference
INFO:face_detection:Waiting for output of inference
INFO:face_detection:cropped face: [array([0.39374718, 0.08416571, 0.5284553 , 0.40219647], dtype=float32)]
INFO:facial_landmarks_detection:preprocess input and perform inference 
INFO:facial_landmarks_detection:Obtain coords of the left and right eyes
INFO:facial_landmarks_detection:left and right eyes coordinates: [[[0.20418851]]

 [[0.3751171 ]]

 [[0.6012287 ]]

 [[0.37286064]]

 [[0.25019535]]

 [[0.5042211 ]]

 [[0.16713469]]

 [[0.75653446]]

 [[0.515147  ]]

 [[0.75440615]]]
INFO:facial_landmarks_detection:Return coords and the cropped Face
INFO:head_pose_estimation:preprocess input and start inference
INFO:head_pose_estimation:infer result
INFO:head_pose_estimation:infered result
INFO:head_pose_estimation: Getting the yaw, pitch, and roll angles 
INFO:gaze_estimation:preprocess input
INFO:gaze_estimation:start sync request
INFO:face_detection:preprocess input and start inference
INFO:face_detection:Waiting for output of inference
INFO:face_detection:cropped face: [array([0.39287472, 0.08316247, 0.5231774 , 0.4121338 ], dtype=float32)]
INFO:facial_landmarks_detection:preprocess input and perform inference 
INFO:facial_landmarks_detection:Obtain coords of the left and right eyes
INFO:facial_landmarks_detection:left and right eyes coordinates: [[[0.14136475]]

 [[0.40413347]]

 [[0.55305684]]

 [[0.3932937 ]]

 [[0.21083061]]

 [[0.51879156]]

 [[0.14783768]]

 [[0.7714504 ]]

 [[0.50411654]]

 [[0.76118255]]]
INFO:facial_landmarks_detection:Return coords and the cropped Face
INFO:head_pose_estimation:preprocess input and start inference
INFO:head_pose_estimation:infer result
INFO:head_pose_estimation:infered result
INFO:head_pose_estimation: Getting the yaw, pitch, and roll angles 
INFO:gaze_estimation:preprocess input
INFO:gaze_estimation:start sync request
INFO:face_detection:preprocess input and start inference
INFO:face_detection:Waiting for output of inference
INFO:face_detection:cropped face: [array([0.37289545, 0.12685879, 0.5024632 , 0.46582007], dtype=float32)]
INFO:facial_landmarks_detection:preprocess input and perform inference 
INFO:facial_landmarks_detection:Obtain coords of the left and right eyes
INFO:facial_landmarks_detection:left and right eyes coordinates: [[[0.11338531]]

 [[0.44712672]]

 [[0.47752634]]

 [[0.4449751 ]]

 [[0.19067438]]

 [[0.62444556]]

 [[0.18934089]]

 [[0.78749573]]

 [[0.5073925 ]]

 [[0.7947668 ]]]
INFO:facial_landmarks_detection:Return coords and the cropped Face
INFO:head_pose_estimation:preprocess input and start inference
INFO:head_pose_estimation:infer result
INFO:head_pose_estimation:infered result
INFO:head_pose_estimation: Getting the yaw, pitch, and roll angles 
INFO:gaze_estimation:preprocess input
INFO:gaze_estimation:start sync request
INFO:face_detection:preprocess input and start inference
INFO:face_detection:Waiting for output of inference
INFO:face_detection:cropped face: [array([0.36648983, 0.14567494, 0.48990536, 0.4827038 ], dtype=float32)]
INFO:facial_landmarks_detection:preprocess input and perform inference 
INFO:facial_landmarks_detection:Obtain coords of the left and right eyes
INFO:facial_landmarks_detection:left and right eyes coordinates: [[[0.0827904 ]]

 [[0.44174865]]

 [[0.46059585]]

 [[0.4409352 ]]

 [[0.17527604]]

 [[0.63842905]]

 [[0.17441079]]

 [[0.77701306]]

 [[0.53602326]]

 [[0.7780063 ]]]
INFO:facial_landmarks_detection:Return coords and the cropped Face
INFO:head_pose_estimation:preprocess input and start inference
INFO:head_pose_estimation:infer result
INFO:head_pose_estimation:infered result
INFO:head_pose_estimation: Getting the yaw, pitch, and roll angles 
INFO:gaze_estimation:preprocess input
INFO:gaze_estimation:start sync request
INFO:face_detection:preprocess input and start inference
INFO:face_detection:Waiting for output of inference
INFO:face_detection:cropped face: [array([0.36648986, 0.16011244, 0.48763993, 0.47757977], dtype=float32)]
INFO:facial_landmarks_detection:preprocess input and perform inference 
INFO:facial_landmarks_detection:Obtain coords of the left and right eyes
INFO:facial_landmarks_detection:left and right eyes coordinates: [[[0.10522633]]

 [[0.43083486]]

 [[0.49676543]]

 [[0.43374258]]

 [[0.20153028]]

 [[0.63698435]]

 [[0.1817925 ]]

 [[0.78949153]]

 [[0.53316367]]

 [[0.8011985 ]]]
INFO:facial_landmarks_detection:Return coords and the cropped Face
INFO:head_pose_estimation:preprocess input and start inference
INFO:head_pose_estimation:infer result
INFO:head_pose_estimation:infered result
INFO:head_pose_estimation: Getting the yaw, pitch, and roll angles 
INFO:gaze_estimation:preprocess input
INFO:gaze_estimation:start sync request
